2025-10-08 03:23:37,086 - INFO - 配置验证通过
2025-10-08 03:23:37,087 - INFO - 开始执行刷步数任务
2025-10-08 03:25:16,019 - INFO - 批次执行完成 - 成功：7，失败：2，耗时：98.93秒
2025-10-08 03:37:30,726 - INFO - 配置验证通过
2025-10-08 03:37:30,726 - INFO - 开始执行刷步数任务
2025-10-08 03:39:12,639 - INFO - 批次执行完成 - 成功：8，失败：1，耗时：101.91秒
2025-10-08 03:53:49,347 - INFO - 配置验证通过
2025-10-08 03:53:49,347 - INFO - 开始执行刷步数任务
2025-10-08 03:55:28,727 - INFO - 批次执行完成 - 成功：8，失败：1，耗时：99.38秒
2025-10-08 04:21:04,511 - INFO - 配置验证通过
2025-10-08 04:21:04,511 - INFO - 开始执行刷步数任务
2025-10-08 04:22:46,656 - INFO - 批次执行完成 - 成功：8，失败：1，耗时：102.15秒
2025-10-08 04:31:37,685 - INFO - 配置验证通过
2025-10-08 04:31:37,685 - INFO - 开始执行刷步数任务
2025-10-08 04:33:22,046 - INFO - 批次执行完成 - 成功：9，失败：0，耗时：104.36秒
2025-10-08 04:54:28,611 - INFO - 配置验证通过
2025-10-08 04:54:28,611 - INFO - 开始执行刷步数任务
2025-10-08 04:56:19,534 - INFO - 批次执行完成 - 成功：8，失败：1，耗时：110.92秒
2025-10-08 05:30:12,944 - INFO - 配置验证通过
2025-10-08 05:30:12,945 - INFO - 开始执行刷步数任务
2025-10-08 05:31:58,913 - INFO - 批次执行完成 - 成功：8，失败：1，耗时：105.97秒
2025-10-08 05:41:22,814 - INFO - 配置验证通过
2025-10-08 05:41:22,814 - INFO - 开始执行刷步数任务
2025-10-08 05:43:00,242 - INFO - 批次执行完成 - 成功：6，失败：3，耗时：97.43秒
2025-10-08 05:53:45,585 - INFO - 配置验证通过
2025-10-08 05:53:45,586 - INFO - 开始执行刷步数任务
2025-10-08 05:55:25,513 - INFO - 批次执行完成 - 成功：5，失败：4，耗时：99.93秒
2025-10-08 06:40:53,376 - INFO - 配置验证通过
2025-10-08 06:40:53,376 - INFO - 开始执行刷步数任务
2025-10-08 06:42:36,298 - INFO - 批次执行完成 - 成功：9，失败：0，耗时：102.92秒
2025-10-08 06:57:10,719 - INFO - 配置验证通过
2025-10-08 06:57:10,719 - INFO - 开始执行刷步数任务
2025-10-08 06:58:56,833 - INFO - 批次执行完成 - 成功：9，失败：0，耗时：106.11秒
2025-10-08 07:28:02,715 - INFO - 配置验证通过
2025-10-08 07:28:02,715 - INFO - 开始执行刷步数任务
2025-10-08 07:29:46,575 - INFO - 批次执行完成 - 成功：8，失败：1，耗时：103.86秒
2025-10-08 07:35:56,007 - INFO - 配置验证通过
2025-10-08 07:35:56,007 - INFO - 开始执行刷步数任务
2025-10-08 07:37:38,489 - INFO - 批次执行完成 - 成功：9，失败：0，耗时：102.48秒
2025-10-08 07:52:34,600 - INFO - 配置验证通过
2025-10-08 07:52:34,600 - INFO - 开始执行刷步数任务
2025-10-08 07:54:23,671 - INFO - 批次执行完成 - 成功：8，失败：1，耗时：109.07秒
2025-10-08 08:37:41,524 - INFO - 配置验证通过
2025-10-08 08:37:41,524 - INFO - 开始执行刷步数任务
2025-10-08 08:39:28,176 - INFO - 批次执行完成 - 成功：9，失败：0，耗时：106.65秒
2025-10-08 08:55:53,105 - INFO - 配置验证通过
2025-10-08 08:55:53,105 - INFO - 开始执行刷步数任务
2025-10-08 08:57:34,671 - INFO - 批次执行完成 - 成功：8，失败：1，耗时：101.57秒
2025-10-08 09:31:42,012 - INFO - 配置验证通过
2025-10-08 09:31:42,012 - INFO - 开始执行刷步数任务
2025-10-08 09:33:17,144 - INFO - 批次执行完成 - 成功：7，失败：2，耗时：95.13秒
2025-10-08 09:42:29,955 - INFO - 配置验证通过
2025-10-08 09:42:29,955 - INFO - 开始执行刷步数任务
2025-10-08 09:44:13,280 - INFO - 批次执行完成 - 成功：7，失败：2，耗时：103.32秒
2025-10-08 09:53:28,518 - INFO - 配置验证通过
2025-10-08 09:53:28,519 - INFO - 开始执行刷步数任务
2025-10-08 09:53:31,471 - INFO - 批次执行完成 - 成功：1，失败：0，耗时：2.95秒
2025-10-08 10:32:37,917 - INFO - 配置验证通过
2025-10-08 10:32:37,917 - INFO - 开始执行刷步数任务
2025-10-08 10:38:13,669 - INFO - 批次执行完成 - 成功：9，失败：0，耗时：335.75秒
2025-10-08 10:52:47,960 - INFO - 配置验证通过
2025-10-08 10:52:47,960 - INFO - 开始执行刷步数任务
2025-10-08 10:54:33,266 - INFO - 批次执行完成 - 成功：9，失败：0，耗时：105.31秒
2025-10-08 11:23:15,490 - INFO - 配置验证通过
2025-10-08 11:23:15,490 - INFO - 开始执行刷步数任务
2025-10-08 11:25:11,942 - INFO - 批次执行完成 - 成功：9，失败：0，耗时：116.45秒
2025-10-08 11:34:11,170 - INFO - 配置验证通过
2025-10-08 11:34:11,171 - INFO - 开始执行刷步数任务
2025-10-08 11:35:52,484 - INFO - 批次执行完成 - 成功：9，失败：0，耗时：101.31秒
2025-10-08 11:53:42,033 - INFO - 配置验证通过
2025-10-08 11:53:42,033 - INFO - 开始执行刷步数任务
2025-10-08 12:01:16,313 - INFO - 批次执行完成 - 成功：9，失败：0，耗时：454.28秒
2025-10-08 12:49:54,777 - INFO - 配置验证通过
2025-10-08 12:49:54,777 - INFO - 开始执行刷步数任务
2025-10-08 12:51:55,502 - INFO - 批次执行完成 - 成功：9，失败：0，耗时：120.73秒
2025-10-08 12:55:15,502 - INFO - 配置验证通过
2025-10-08 12:55:15,502 - INFO - 开始执行刷步数任务
2025-10-08 12:57:01,088 - INFO - 批次执行完成 - 成功：9，失败：0，耗时：105.59秒
2025-10-08 13:10:27,488 - INFO - 配置验证通过
2025-10-08 13:10:27,488 - INFO - 开始执行刷步数任务
2025-10-08 13:12:13,369 - INFO - 开始重试 2 个失败账号
2025-10-08 13:12:13,369 - INFO - 开始第1轮重试，处理 2 个失败账号
2025-10-08 13:12:24,790 - INFO - 第1轮重试结果：0 个成功，2 个失败
2025-10-08 13:12:24,791 - INFO - 开始第2轮重试，处理 2 个失败账号
2025-10-08 13:12:41,009 - INFO - 第2轮重试结果：0 个成功，2 个失败
2025-10-08 13:12:41,009 - INFO - 重试总结：总共 0 个账号重试成功
2025-10-08 13:12:41,011 - INFO - 批次执行完成 - 成功：7，失败：2，耗时：133.52秒
2025-10-08 13:36:16,217 - INFO - 配置验证通过
2025-10-08 13:36:16,217 - INFO - 开始执行刷步数任务
2025-10-08 13:38:02,223 - INFO - 开始重试 1 个失败账号
2025-10-08 13:38:02,223 - INFO - 开始第1轮重试，处理 1 个失败账号
2025-10-08 13:38:02,657 - INFO - 第1轮重试结果：0 个成功，1 个失败
2025-10-08 13:38:02,657 - INFO - 开始第2轮重试，处理 1 个失败账号
2025-10-08 13:38:03,029 - INFO - 第2轮重试结果：0 个成功，1 个失败
2025-10-08 13:38:03,030 - INFO - 重试总结：总共 0 个账号重试成功
2025-10-08 13:38:03,032 - INFO - 批次执行完成 - 成功：8，失败：1，耗时：106.81秒
2025-10-08 13:53:12,699 - INFO - 配置验证通过
2025-10-08 13:53:12,699 - INFO - 开始执行刷步数任务
2025-10-08 13:54:58,435 - INFO - 开始重试 1 个失败账号
2025-10-08 13:54:58,435 - INFO - 开始第1轮重试，处理 1 个失败账号
2025-10-08 13:54:59,127 - INFO - 第1轮重试结果：0 个成功，1 个失败
2025-10-08 13:54:59,127 - INFO - 开始第2轮重试，处理 1 个失败账号
2025-10-08 13:54:59,504 - INFO - 第2轮重试结果：0 个成功，1 个失败
2025-10-08 13:54:59,504 - INFO - 重试总结：总共 0 个账号重试成功
2025-10-08 13:54:59,506 - INFO - 批次执行完成 - 成功：8，失败：1，耗时：106.81秒
2025-10-08 14:31:00,270 - INFO - 配置验证通过
2025-10-08 14:31:00,271 - INFO - 开始执行刷步数任务
2025-10-08 14:32:42,647 - INFO - 开始重试 1 个失败账号
2025-10-08 14:32:42,647 - INFO - 开始第1轮重试，处理 1 个失败账号
2025-10-08 14:32:42,811 - INFO - 第1轮重试结果：0 个成功，1 个失败
2025-10-08 14:32:42,811 - INFO - 开始第2轮重试，处理 1 个失败账号
2025-10-08 14:32:42,943 - INFO - 第2轮重试结果：0 个成功，1 个失败
2025-10-08 14:32:42,943 - INFO - 重试总结：总共 0 个账号重试成功
2025-10-08 14:32:42,946 - INFO - 批次执行完成 - 成功：8，失败：1，耗时：102.68秒
2025-10-08 14:54:36,594 - INFO - 配置验证通过
2025-10-08 14:54:36,594 - INFO - 开始执行刷步数任务
2025-10-08 14:56:26,786 - INFO - 批次执行完成 - 成功：9，失败：0，耗时：110.19秒
2025-10-08 15:30:24,745 - INFO - 配置验证通过
2025-10-08 15:30:24,746 - INFO - 开始执行刷步数任务
2025-10-08 15:32:07,165 - INFO - 开始重试 1 个失败账号
2025-10-08 15:32:07,166 - INFO - 开始第1轮重试，处理 1 个失败账号
2025-10-08 15:32:07,563 - INFO - 第1轮重试结果：0 个成功，1 个失败
2025-10-08 15:32:07,563 - INFO - 开始第2轮重试，处理 1 个失败账号
2025-10-08 15:32:07,919 - INFO - 第2轮重试结果：0 个成功，1 个失败
2025-10-08 15:32:07,919 - INFO - 重试总结：总共 0 个账号重试成功
2025-10-08 15:32:07,922 - INFO - 批次执行完成 - 成功：8，失败：1，耗时：103.18秒
2025-10-08 15:43:09,574 - INFO - 配置验证通过
2025-10-08 15:43:09,574 - INFO - 开始执行刷步数任务
2025-10-08 15:44:55,234 - INFO - 开始重试 1 个失败账号
2025-10-08 15:44:55,234 - INFO - 开始第1轮重试，处理 1 个失败账号
2025-10-08 15:44:56,006 - INFO - 第1轮重试结果：0 个成功，1 个失败
2025-10-08 15:44:56,006 - INFO - 开始第2轮重试，处理 1 个失败账号
2025-10-08 15:44:56,421 - INFO - 第2轮重试结果：0 个成功，1 个失败
2025-10-08 15:44:56,422 - INFO - 重试总结：总共 0 个账号重试成功
2025-10-08 15:44:56,424 - INFO - 批次执行完成 - 成功：8，失败：1，耗时：106.85秒
2025-10-08 15:55:00,970 - INFO - 配置验证通过
2025-10-08 15:55:00,970 - INFO - 开始执行刷步数任务
2025-10-08 15:56:41,258 - INFO - 开始重试 1 个失败账号
2025-10-08 15:56:41,258 - INFO - 开始第1轮重试，处理 1 个失败账号
2025-10-08 15:56:42,620 - INFO - 第1轮重试结果：0 个成功，1 个失败
2025-10-08 15:56:42,621 - INFO - 开始第2轮重试，处理 1 个失败账号
2025-10-08 15:56:43,492 - INFO - 第2轮重试结果：0 个成功，1 个失败
2025-10-08 15:56:43,492 - INFO - 重试总结：总共 0 个账号重试成功
2025-10-08 15:56:43,494 - INFO - 批次执行完成 - 成功：8，失败：1，耗时：102.52秒
2025-10-08 16:35:40,119 - INFO - 配置验证通过
2025-10-08 16:35:40,119 - INFO - 开始执行刷步数任务
2025-10-08 16:37:25,125 - INFO - 开始重试 2 个失败账号
2025-10-08 16:37:25,125 - INFO - 开始第1轮重试，处理 2 个失败账号
2025-10-08 16:37:37,916 - INFO - 第1轮重试结果：0 个成功，2 个失败
2025-10-08 16:37:37,917 - INFO - 开始第2轮重试，处理 2 个失败账号
2025-10-08 16:37:55,684 - INFO - 第2轮重试结果：0 个成功，2 个失败
2025-10-08 16:37:55,684 - INFO - 重试总结：总共 0 个账号重试成功
2025-10-08 16:37:55,686 - INFO - 批次执行完成 - 成功：7，失败：2，耗时：135.57秒
2025-10-08 16:56:35,235 - INFO - 配置验证通过
2025-10-08 16:56:35,235 - INFO - 开始执行刷步数任务
2025-10-08 16:58:16,906 - INFO - 开始重试 3 个失败账号
2025-10-08 16:58:16,907 - INFO - 开始第1轮重试，处理 3 个失败账号
2025-10-08 16:58:41,037 - INFO - 第1轮重试结果：0 个成功，3 个失败
2025-10-08 16:58:41,037 - INFO - 开始第2轮重试，处理 3 个失败账号
2025-10-08 16:59:14,697 - INFO - 第2轮重试结果：0 个成功，3 个失败
2025-10-08 16:59:14,697 - INFO - 重试总结：总共 0 个账号重试成功
2025-10-08 16:59:14,699 - INFO - 批次执行完成 - 成功：6，失败：3，耗时：159.46秒
2025-10-08 17:27:10,695 - INFO - 配置验证通过
2025-10-08 17:27:10,695 - INFO - 开始执行刷步数任务
2025-10-08 17:28:54,843 - INFO - 批次执行完成 - 成功：9，失败：0，耗时：104.15秒
2025-10-08 17:38:18,958 - INFO - 配置验证通过
2025-10-08 17:38:18,958 - INFO - 开始执行刷步数任务
2025-10-08 17:40:01,117 - INFO - 批次执行完成 - 成功：9，失败：0，耗时：102.16秒
2025-10-08 17:54:11,896 - INFO - 配置验证通过
2025-10-08 17:54:11,897 - INFO - 开始执行刷步数任务
2025-10-08 17:55:56,399 - INFO - 开始重试 1 个失败账号
2025-10-08 17:55:56,399 - INFO - 开始第1轮重试，处理 1 个失败账号
2025-10-08 17:55:57,360 - INFO - 第1轮重试结果：0 个成功，1 个失败
2025-10-08 17:55:57,360 - INFO - 开始第2轮重试，处理 1 个失败账号
2025-10-08 17:55:57,760 - INFO - 第2轮重试结果：0 个成功，1 个失败
2025-10-08 17:55:57,761 - INFO - 重试总结：总共 0 个账号重试成功
2025-10-08 17:55:57,763 - INFO - 批次执行完成 - 成功：8，失败：1，耗时：105.87秒
