2025-10-12 15:54:16,193 - INFO - 配置验证通过
2025-10-12 15:54:16,193 - INFO - 开始执行刷步数任务
2025-10-12 15:55:55,277 - INFO - 开始重试 1 个失败账号
2025-10-12 15:55:55,278 - INFO - 开始第1轮重试，处理 1 个失败账号
2025-10-12 15:55:55,744 - INFO - 第1轮重试结果：0 个成功，1 个失败
2025-10-12 15:55:55,745 - INFO - 开始第2轮重试，处理 1 个失败账号
2025-10-12 15:55:55,870 - INFO - 第2轮重试结果：0 个成功，1 个失败
2025-10-12 15:55:55,870 - INFO - 重试总结：总共 0 个账号重试成功
2025-10-12 15:55:55,873 - INFO - 批次执行完成 - 成功：8，失败：1，耗时：99.68秒
多账号执行间隔：10.0
[2025-10-12 23:54:16]
[1/9]账号：141****.com
使用加密保存的app_token
已设置为随机步数范围(10000~20000) 随机值:17663
修改步数（17663）[success]

[2025-10-12 23:54:29]
[2/9]账号：348****.com
使用加密保存的app_token
已设置为随机步数范围(10000~20000) 随机值:11370
修改步数（11370）[success]

[2025-10-12 23:54:41]
[3/9]账号：314****.com
使用加密保存的app_token
已设置为随机步数范围(10000~20000) 随机值:17553
修改步数（17553）[success]

[2025-10-12 23:54:54]
[4/9]账号：204****.com
使用加密保存的app_token
已设置为随机步数范围(10000~20000) 随机值:11890
修改步数（11890）[success]

[2025-10-12 23:55:06]
[5/9]账号：350****.com
使用加密保存的app_token
已设置为随机步数范围(10000~20000) 随机值:17052
修改步数（17052）[success]

[2025-10-12 23:55:18]
[6/9]账号：644****.com
使用加密保存的app_token
已设置为随机步数范围(10000~20000) 随机值:12984
修改步数（12984）[success]

[2025-10-12 23:55:31]
[7/9]账号：210****.com
登录获取accessToken失败：获取accessToken失败 401登陆失败！

[2025-10-12 23:55:41]
[8/9]账号：230****.com
使用加密保存的app_token
已设置为随机步数范围(10000~20000) 随机值:11175
修改步数（11175）[success]

[2025-10-12 23:55:53]
[9/9]账号：242****.com
使用加密保存的app_token
已设置为随机步数范围(10000~20000) 随机值:16744
修改步数（16744）[success]


检测到 1 个失败账号，开始单独重试...

第1轮重试开始，处理 1 个失败账号...
第1轮重试 [1/1]: 210****.com
[2025-10-12 23:55:55]
[1/1]账号：210****.com
登录获取accessToken失败：获取accessToken失败 401登陆失败！

第1轮重试完成：0 个成功，1 个仍然失败

第2轮重试开始，处理 1 个失败账号...
第2轮重试 [1/1]: 210****.com
[2025-10-12 23:55:55]
[1/1]账号：210****.com
登录获取accessToken失败：获取accessToken失败 401登陆失败！

第2轮重试完成：0 个成功，1 个仍然失败

重试总结：总共 0 个账号重试成功

执行账号总数9，成功：8，失败：1，耗时：99.68秒
本批次执行完毕，已更新批次号至 11，下次将从此批次开始。
